(0000) 3000  0011000000000000 (   7)                 .ORIG x3000
(3000) ECD0  1110110011010000 (   8)                 LEA   R6 RET_STACK
(3001) 1DBF  0001110110111111 (   9)                 ADD   R6 R6 #-1
(3002) E04A  1110000001001010 (  14)                 LEA   R0 RECUR_CT_PROMPT
(3003) F022  1111000000100010 (  15)                 TRAP  x22
(3004) 4807  0100100000000111 (  16)                 JSR   RECUR_CT
(3005) 5260  0101001001100000 (  18)                 AND   R1 R1 #0
(3006) 24C4  0010010011000100 (  19)                 LD    R2 RECUR_CT_INT
(3007) 94BF  1001010010111111 (  20)                 NOT   R2 R2
(3008) 14A1  0001010010100001 (  21)                 ADD   R2 R2 #1
(3009) 26C2  0010011011000010 (  22)                 LD    R3 ASCII_ZERO
(300A) 4828  0100100000101000 (  24)                 JSR   RECURSE
(300B) F025  1111000000100101 (  25)                 TRAP  x25
(300C) 1DA1  0001110110100001 (  30) RECUR_CT        ADD   R6 R6 #1
(300D) 7F80  0111111110000000 (  31)                 STR   R7 R6 #0
(300E) 54A0  0101010010100000 (  32)                 AND   R2 R2 #0
(300F) E8B9  1110100010111001 (  33)                 LEA   R4 RECUR_CT_STORE
(3010) F020  1111000000100000 (  34) RECUR_CT_LOOP   TRAP  x20
(3011) 14A1  0001010010100001 (  35)                 ADD   R2 R2 #1
(3012) 22BB  0010001010111011 (  36)                 LD    R1 NEG_NEWLINE
(3013) 1201  0001001000000001 (  37)                 ADD   R1 R0 R1
(3014) 0407  0000010000000111 (  38)                 BRZ   PARSE_RECUR_CT
(3015) 22B7  0010001010110111 (  39)                 LD    R1 NEG_2
(3016) 1242  0001001001000010 (  40)                 ADD   R1 R1 R2
(3017) 05F8  0000010111111000 (  41)                 BRZ   RECUR_CT_LOOP
(3018) F021  1111000000100001 (  42)                 TRAP  x21
(3019) 7100  0111000100000000 (  43)                 STR   R0 R4 #0
(301A) 1921  0001100100100001 (  44)                 ADD   R4 R4 #1
(301B) 0FF4  0000111111110100 (  45)                 BRNZP RECUR_CT_LOOP
(301C) E8AC  1110100010101100 (  46) PARSE_RECUR_CT  LEA   R4 RECUR_CT_STORE
(301D) 54A0  0101010010100000 (  47)                 AND   R2 R2 #0
(301E) 6501  0110010100000001 (  48)                 LDR   R2 R4 #1
(301F) 22AF  0010001010101111 (  49)                 LD    R1 NEG_ASCII_ZERO
(3020) 1481  0001010010000001 (  50)                 ADD   R2 R2 R1
(3021) 0604  0000011000000100 (  51)                 BRZP  MULTI_DIGIT
(3022) 6500  0110010100000000 (  52)                 LDR   R2 R4 #0
(3023) 1481  0001010010000001 (  53)                 ADD   R2 R2 R1
(3024) 34A6  0011010010100110 (  54)                 ST    R2 RECUR_CT_INT
(3025) 0E0A  0000111000001010 (  56)                 BRNZP RECUR_CT_RET
(3026) 56E0  0101011011100000 (  57) MULTI_DIGIT     AND   R3 R3 #0
(3027) 6501  0110010100000001 (  58)                 LDR   R2 R4 #1
(3028) 22A6  0010001010100110 (  59)                 LD    R1 NEG_ASCII_ZERO
(3029) 1481  0001010010000001 (  60)                 ADD   R2 R2 R1
(302A) 6700  0110011100000000 (  61)                 LDR   R3 R4 #0
(302B) 16C1  0001011011000001 (  62)                 ADD   R3 R3 R1
(302C) 14AA  0001010010101010 (  63) MULTI_DIGIT_LP  ADD   R2 R2 #10
(302D) 16FF  0001011011111111 (  64)                 ADD   R3 R3 #-1
(302E) 03FD  0000001111111101 (  65)                 BRP   MULTI_DIGIT_LP
(302F) 349B  0011010010011011 (  66)                 ST    R2 RECUR_CT_INT
(3030) 6F80  0110111110000000 (  67) RECUR_CT_RET    LDR   R7 R6 #0
(3031) 1DBF  0001110110111111 (  68)                 ADD   R6 R6 #-1
(3032) C1C0  1100000111000000 (  69)                 RET   
(3033) 1DA1  0001110110100001 (  74) RECURSE         ADD   R6 R6 #1
(3034) 7F80  0111111110000000 (  75)                 STR   R7 R6 #0
(3035) E049  1110000001001001 (  76)                 LEA   R0 RECURSE_MSG
(3036) F022  1111000000100010 (  77)                 TRAP  x22
(3037) 1261  0001001001100001 (  78)                 ADD   R1 R1 #1
(3038) 1060  0001000001100000 (  79)                 ADD   R0 R1 #0
(3039) 1003  0001000000000011 (  80)                 ADD   R0 R0 R3
(303A) F021  1111000000100001 (  81)                 TRAP  x21
(303B) E07E  1110000001111110 (  82)                 LEA   R0 ENTER_PROMPT
(303C) F022  1111000000100010 (  83)                 TRAP  x22
(303D) F020  1111000000100000 (  84)                 TRAP  x20
(303E) 1881  0001100010000001 (  85)                 ADD   R4 R2 R1
(303F) 0401  0000010000000001 (  86)                 BRZ   RECURSE_RET
(3040) 4FF2  0100111111110010 (  87)                 JSR   RECURSE
(3041) E057  1110000001010111 (  88) RECURSE_RET     LEA   R0 DECURSE_MSG
(3042) F022  1111000000100010 (  89)                 TRAP  x22
(3043) 1060  0001000001100000 (  90)                 ADD   R0 R1 #0
(3044) 1003  0001000000000011 (  91)                 ADD   R0 R0 R3
(3045) F021  1111000000100001 (  92)                 TRAP  x21
(3046) E073  1110000001110011 (  93)                 LEA   R0 ENTER_PROMPT
(3047) F022  1111000000100010 (  94)                 TRAP  x22
(3048) F020  1111000000100000 (  95)                 TRAP  x20
(3049) 127F  0001001001111111 (  96)                 ADD   R1 R1 #-1
(304A) 6F80  0110111110000000 (  97)                 LDR   R7 R6 #0
(304B) 1DBF  0001110110111111 (  98)                 ADD   R6 R6 #-1
(304C) C1C0  1100000111000000 (  99)                 RET   
(304D) 000A  0000000000001010 ( 103) RECUR_CT_PROMPT .FILL x000A
(304E) 0048  0000000001001000 ( 103)                 .FILL x0048
(304F) 006F  0000000001101111 ( 103)                 .FILL x006F
(3050) 0077  0000000001110111 ( 103)                 .FILL x0077
(3051) 0020  0000000000100000 ( 103)                 .FILL x0020
(3052) 006D  0000000001101101 ( 103)                 .FILL x006D
(3053) 0061  0000000001100001 ( 103)                 .FILL x0061
(3054) 006E  0000000001101110 ( 103)                 .FILL x006E
(3055) 0079  0000000001111001 ( 103)                 .FILL x0079
(3056) 0020  0000000000100000 ( 103)                 .FILL x0020
(3057) 0074  0000000001110100 ( 103)                 .FILL x0074
(3058) 0069  0000000001101001 ( 103)                 .FILL x0069
(3059) 006D  0000000001101101 ( 103)                 .FILL x006D
(305A) 0065  0000000001100101 ( 103)                 .FILL x0065
(305B) 0073  0000000001110011 ( 103)                 .FILL x0073
(305C) 0020  0000000000100000 ( 103)                 .FILL x0020
(305D) 0077  0000000001110111 ( 103)                 .FILL x0077
(305E) 006F  0000000001101111 ( 103)                 .FILL x006F
(305F) 0075  0000000001110101 ( 103)                 .FILL x0075
(3060) 006C  0000000001101100 ( 103)                 .FILL x006C
(3061) 0064  0000000001100100 ( 103)                 .FILL x0064
(3062) 0020  0000000000100000 ( 103)                 .FILL x0020
(3063) 0079  0000000001111001 ( 103)                 .FILL x0079
(3064) 006F  0000000001101111 ( 103)                 .FILL x006F
(3065) 0075  0000000001110101 ( 103)                 .FILL x0075
(3066) 0020  0000000000100000 ( 103)                 .FILL x0020
(3067) 006C  0000000001101100 ( 103)                 .FILL x006C
(3068) 0069  0000000001101001 ( 103)                 .FILL x0069
(3069) 006B  0000000001101011 ( 103)                 .FILL x006B
(306A) 0065  0000000001100101 ( 103)                 .FILL x0065
(306B) 0020  0000000000100000 ( 103)                 .FILL x0020
(306C) 0074  0000000001110100 ( 103)                 .FILL x0074
(306D) 006F  0000000001101111 ( 103)                 .FILL x006F
(306E) 0020  0000000000100000 ( 103)                 .FILL x0020
(306F) 0072  0000000001110010 ( 103)                 .FILL x0072
(3070) 0065  0000000001100101 ( 103)                 .FILL x0065
(3071) 0063  0000000001100011 ( 103)                 .FILL x0063
(3072) 0075  0000000001110101 ( 103)                 .FILL x0075
(3073) 0072  0000000001110010 ( 103)                 .FILL x0072
(3074) 0073  0000000001110011 ( 103)                 .FILL x0073
(3075) 0065  0000000001100101 ( 103)                 .FILL x0065
(3076) 003F  0000000000111111 ( 103)                 .FILL x003F
(3077) 0020  0000000000100000 ( 103)                 .FILL x0020
(3078) 0028  0000000000101000 ( 103)                 .FILL x0028
(3079) 0031  0000000000110001 ( 103)                 .FILL x0031
(307A) 002D  0000000000101101 ( 103)                 .FILL x002D
(307B) 0032  0000000000110010 ( 103)                 .FILL x0032
(307C) 0035  0000000000110101 ( 103)                 .FILL x0035
(307D) 0029  0000000000101001 ( 103)                 .FILL x0029
(307E) 0000  0000000000000000 ( 103)                 .FILL x0000
(307F) 000A  0000000000001010 ( 104) RECURSE_MSG     .FILL x000A
(3080) 0054  0000000001010100 ( 104)                 .FILL x0054
(3081) 0068  0000000001101000 ( 104)                 .FILL x0068
(3082) 0069  0000000001101001 ( 104)                 .FILL x0069
(3083) 0073  0000000001110011 ( 104)                 .FILL x0073
(3084) 0020  0000000000100000 ( 104)                 .FILL x0020
(3085) 0069  0000000001101001 ( 104)                 .FILL x0069
(3086) 0073  0000000001110011 ( 104)                 .FILL x0073
(3087) 0020  0000000000100000 ( 104)                 .FILL x0020
(3088) 0072  0000000001110010 ( 104)                 .FILL x0072
(3089) 0065  0000000001100101 ( 104)                 .FILL x0065
(308A) 0063  0000000001100011 ( 104)                 .FILL x0063
(308B) 0075  0000000001110101 ( 104)                 .FILL x0075
(308C) 0072  0000000001110010 ( 104)                 .FILL x0072
(308D) 0073  0000000001110011 ( 104)                 .FILL x0073
(308E) 0065  0000000001100101 ( 104)                 .FILL x0065
(308F) 0020  0000000000100000 ( 104)                 .FILL x0020
(3090) 006E  0000000001101110 ( 104)                 .FILL x006E
(3091) 0075  0000000001110101 ( 104)                 .FILL x0075
(3092) 006D  0000000001101101 ( 104)                 .FILL x006D
(3093) 0062  0000000001100010 ( 104)                 .FILL x0062
(3094) 0065  0000000001100101 ( 104)                 .FILL x0065
(3095) 0072  0000000001110010 ( 104)                 .FILL x0072
(3096) 003A  0000000000111010 ( 104)                 .FILL x003A
(3097) 0020  0000000000100000 ( 104)                 .FILL x0020
(3098) 0000  0000000000000000 ( 104)                 .FILL x0000
(3099) 000A  0000000000001010 ( 105) DECURSE_MSG     .FILL x000A
(309A) 0052  0000000001010010 ( 105)                 .FILL x0052
(309B) 0065  0000000001100101 ( 105)                 .FILL x0065
(309C) 0074  0000000001110100 ( 105)                 .FILL x0074
(309D) 0075  0000000001110101 ( 105)                 .FILL x0075
(309E) 0072  0000000001110010 ( 105)                 .FILL x0072
(309F) 006E  0000000001101110 ( 105)                 .FILL x006E
(30A0) 0069  0000000001101001 ( 105)                 .FILL x0069
(30A1) 006E  0000000001101110 ( 105)                 .FILL x006E
(30A2) 0067  0000000001100111 ( 105)                 .FILL x0067
(30A3) 0020  0000000000100000 ( 105)                 .FILL x0020
(30A4) 0066  0000000001100110 ( 105)                 .FILL x0066
(30A5) 0072  0000000001110010 ( 105)                 .FILL x0072
(30A6) 006F  0000000001101111 ( 105)                 .FILL x006F
(30A7) 006D  0000000001101101 ( 105)                 .FILL x006D
(30A8) 0020  0000000000100000 ( 105)                 .FILL x0020
(30A9) 0072  0000000001110010 ( 105)                 .FILL x0072
(30AA) 0065  0000000001100101 ( 105)                 .FILL x0065
(30AB) 0063  0000000001100011 ( 105)                 .FILL x0063
(30AC) 0075  0000000001110101 ( 105)                 .FILL x0075
(30AD) 0072  0000000001110010 ( 105)                 .FILL x0072
(30AE) 0073  0000000001110011 ( 105)                 .FILL x0073
(30AF) 0065  0000000001100101 ( 105)                 .FILL x0065
(30B0) 0020  0000000000100000 ( 105)                 .FILL x0020
(30B1) 006E  0000000001101110 ( 105)                 .FILL x006E
(30B2) 0075  0000000001110101 ( 105)                 .FILL x0075
(30B3) 006D  0000000001101101 ( 105)                 .FILL x006D
(30B4) 0062  0000000001100010 ( 105)                 .FILL x0062
(30B5) 0065  0000000001100101 ( 105)                 .FILL x0065
(30B6) 0072  0000000001110010 ( 105)                 .FILL x0072
(30B7) 003A  0000000000111010 ( 105)                 .FILL x003A
(30B8) 0020  0000000000100000 ( 105)                 .FILL x0020
(30B9) 0000  0000000000000000 ( 105)                 .FILL x0000
(30BA) 0020  0000000000100000 ( 106) ENTER_PROMPT    .FILL x0020
(30BB) 0028  0000000000101000 ( 106)                 .FILL x0028
(30BC) 0070  0000000001110000 ( 106)                 .FILL x0070
(30BD) 0072  0000000001110010 ( 106)                 .FILL x0072
(30BE) 0065  0000000001100101 ( 106)                 .FILL x0065
(30BF) 0073  0000000001110011 ( 106)                 .FILL x0073
(30C0) 0073  0000000001110011 ( 106)                 .FILL x0073
(30C1) 0020  0000000000100000 ( 106)                 .FILL x0020
(30C2) 0045  0000000001000101 ( 106)                 .FILL x0045
(30C3) 006E  0000000001101110 ( 106)                 .FILL x006E
(30C4) 0074  0000000001110100 ( 106)                 .FILL x0074
(30C5) 0065  0000000001100101 ( 106)                 .FILL x0065
(30C6) 0072  0000000001110010 ( 106)                 .FILL x0072
(30C7) 0029  0000000000101001 ( 106)                 .FILL x0029
(30C8) 0000  0000000000000000 ( 106)                 .FILL x0000
(30C9) 0000  0000000000000000 ( 109) RECUR_CT_STORE  .FILL x0000
(30CA) 0000  0000000000000000 ( 109)                 .FILL x0000
(30CB) 0000  0000000000000000 ( 111) RECUR_CT_INT    .FILL x0000
(30CC) 0030  0000000000110000 ( 111) ASCII_ZERO      .FILL x0030
(30CD) FFFE  1111111111111110 ( 112) NEG_2           .FILL xFFFE
(30CE) FFF6  1111111111110110 ( 113) NEG_NEWLINE     .FILL xFFF6
(30CF) FFD0  1111111111010000 ( 114) NEG_ASCII_ZERO  .FILL xFFD0
(30D0) 0000  0000000000000000 ( 115) NOTHING_BURGER  .FILL x0000
(30D1) 0000  0000000000000000 ( 120) RET_STACK       .FILL x0000
(30D2) 0000  0000000000000000 ( 120)                 .FILL x0000
(30D3) 0000  0000000000000000 ( 120)                 .FILL x0000
(30D4) 0000  0000000000000000 ( 120)                 .FILL x0000
(30D5) 0000  0000000000000000 ( 120)                 .FILL x0000
(30D6) 0000  0000000000000000 ( 120)                 .FILL x0000
(30D7) 0000  0000000000000000 ( 120)                 .FILL x0000
(30D8) 0000  0000000000000000 ( 120)                 .FILL x0000
(30D9) 0000  0000000000000000 ( 120)                 .FILL x0000
(30DA) 0000  0000000000000000 ( 120)                 .FILL x0000
(30DB) 0000  0000000000000000 ( 120)                 .FILL x0000
(30DC) 0000  0000000000000000 ( 120)                 .FILL x0000
