(0000) 3000  0011000000000000 (   7)                 .ORIG x3000
(3000) 5DA0  0101110110100000 (   8)                 AND   R6 R6 #0
(3001) EC95  1110110010010101 (   9)                 LEA   R6 RET_STACK
(3002) 1DBF  0001110110111111 (  10)                 ADD   R6 R6 #-1
(3003) 480F  0100100000001111 (  13) GET_INPUTS      JSR   GET_OP
(3004) 4819  0100100000011001 (  14)                 JSR   GET_KEY
(3005) 482B  0100100000101011 (  15)                 JSR   GET_MSG
(3006) 2272  0010001001110010 (  16)                 LD    R1 OP_STORE
(3007) 2488  0010010010001000 (  17)                 LD    R2 NEG_D
(3008) 1242  0001001001000010 (  18)                 ADD   R1 R1 R2
(3009) 0402  0000010000000010 (  19)                 BRZ   GO_DECRYPT
(300A) 4852  0100100001010010 (  20)                 JSR   ENCRYPT
(300B) 0E01  0000111000000001 (  21)                 BRNZP PRINT_MSG
(300C) 483F  0100100000111111 (  22) GO_DECRYPT      JSR   DECRYPT
(300D) E0B3  1110000010110011 (  23) PRINT_MSG       LEA   R0 PRINT_PROMPT
(300E) F022  1111000000100010 (  24)                 TRAP  x22
(300F) F020  1111000000100000 (  25)                 TRAP  x20
(3010) E06A  1110000001101010 (  26)                 LEA   R0 MSG_STORE
(3011) F022  1111000000100010 (  27)                 TRAP  x22
(3012) F025  1111000000100101 (  28)                 TRAP  x25
(3013) 1DA1  0001110110100001 (  31) GET_OP          ADD   R6 R6 #1
(3014) 7F80  0111111110000000 (  32)                 STR   R7 R6 #0
(3015) E087  1110000010000111 (  33)                 LEA   R0 OP_PROMPT
(3016) F022  1111000000100010 (  34)                 TRAP  x22
(3017) F020  1111000000100000 (  35)                 TRAP  x20
(3018) F021  1111000000100001 (  36)                 TRAP  x21
(3019) E25F  1110001001011111 (  37)                 LEA   R1 OP_STORE
(301A) 7040  0111000001000000 (  38)                 STR   R0 R1 #0
(301B) 6F80  0110111110000000 (  39)                 LDR   R7 R6 #0
(301C) 1DBF  0001110110111111 (  40)                 ADD   R6 R6 #-1
(301D) C1C0  1100000111000000 (  41)                 RET   
(301E) 1DA1  0001110110100001 (  44) GET_KEY         ADD   R6 R6 #1
(301F) 7F80  0111111110000000 (  45)                 STR   R7 R6 #0
(3020) 2258  0010001001011000 (  46)                 LD    R1 OP_STORE
(3021) 246E  0010010001101110 (  47)                 LD    R2 NEG_D
(3022) 1242  0001001001000010 (  48)                 ADD   R1 R1 R2
(3023) 0403  0000010000000011 (  49)                 BRZ   D_PROMPT
(3024) E0B9  1110000010111001 (  50)                 LEA   R0 KEY_E_PROMPT
(3025) F022  1111000000100010 (  51)                 TRAP  x22
(3026) 0E02  0000111000000010 (  52)                 BRNZP LISTEN_KEY
(3027) E0D3  1110000011010011 (  53) D_PROMPT        LEA   R0 KEY_D_PROMPT
(3028) F022  1111000000100010 (  54)                 TRAP  x22
(3029) F020  1111000000100000 (  55) LISTEN_KEY      TRAP  x20
(302A) F021  1111000000100001 (  56)                 TRAP  x21
(302B) 2269  0010001001101001 (  57)                 LD    R1 NEG_ASCII_NUM
(302C) 1001  0001000000000001 (  58)                 ADD   R0 R0 R1
(302D) 304C  0011000001001100 (  59)                 ST    R0 KEY_STORE
(302E) 6F80  0110111110000000 (  60)                 LDR   R7 R6 #0
(302F) 1DBF  0001110110111111 (  61)                 ADD   R6 R6 #-1
(3030) C1C0  1100000111000000 (  62)                 RET   
(3031) 1DA1  0001110110100001 (  65) GET_MSG         ADD   R6 R6 #1
(3032) 7F80  0111111110000000 (  66)                 STR   R7 R6 #0
(3033) E0E4  1110000011100100 (  67)                 LEA   R0 MSG_PROMPT
(3034) F022  1111000000100010 (  68)                 TRAP  x22
(3035) E245  1110001001000101 (  69)                 LEA   R1 MSG_STORE
(3036) 54A0  0101010010100000 (  70)                 AND   R2 R2 #0
(3037) 265C  0010011001011100 (  71)                 LD    R3 NEG_19
(3038) F020  1111000000100000 (  72) GET_MSG_STR     TRAP  x20
(3039) 2858  0010100001011000 (  73)                 LD    R4 NEG_NEWLINE
(303A) 1A04  0001101000000100 (  74)                 ADD   R5 R0 R4
(303B) 040B  0000010000001011 (  75)                 BRZ   GET_MSG_TERM
(303C) 2856  0010100001010110 (  76)                 LD    R4 NEG_CARRET
(303D) 1A04  0001101000000100 (  77)                 ADD   R5 R0 R4
(303E) 0408  0000010000001000 (  78)                 BRZ   GET_MSG_TERM
(303F) 1AC2  0001101011000010 (  79)                 ADD   R5 R3 R2
(3040) 05F7  0000010111110111 (  80)                 BRZ   GET_MSG_STR
(3041) F021  1111000000100001 (  81)                 TRAP  x21
(3042) 7040  0111000001000000 (  82)                 STR   R0 R1 #0
(3043) 1261  0001001001100001 (  83)                 ADD   R1 R1 #1
(3044) 14A1  0001010010100001 (  84)                 ADD   R2 R2 #1
(3045) 1AC2  0001101011000010 (  85)                 ADD   R5 R3 R2
(3046) 0FF1  0000111111110001 (  86)                 BRNZP GET_MSG_STR
(3047) 5020  0101000000100000 (  87) GET_MSG_TERM    AND   R0 R0 #0
(3048) 7040  0111000001000000 (  88)                 STR   R0 R1 #0
(3049) 6F80  0110111110000000 (  89)                 LDR   R7 R6 #0
(304A) 1DBF  0001110110111111 (  90)                 ADD   R6 R6 #-1
(304B) C1C0  1100000111000000 (  91)                 RET   
(304C) 1DA1  0001110110100001 (  94) DECRYPT         ADD   R6 R6 #1
(304D) 7F80  0111111110000000 (  95)                 STR   R7 R6 #0
(304E) E22C  1110001000101100 (  96)                 LEA   R1 MSG_STORE
(304F) 2A2A  0010101000101010 (  97)                 LD    R5 KEY_STORE
(3050) 9B7F  1001101101111111 (  98)                 NOT   R5 R5
(3051) 1B61  0001101101100001 (  99)                 ADD   R5 R5 #1
(3052) 6440  0110010001000000 ( 100) DECRYPT_EL      LDR   R2 R1 #0
(3053) 16A0  0001011010100000 ( 101)                 ADD   R3 R2 #0
(3054) 0405  0000010000000101 ( 102)                 BRZ   DECRYPT_RETURN
(3055) 1485  0001010010000101 ( 103)                 ADD   R2 R2 R5
(3056) 4815  0100100000010101 ( 104)                 JSR   TOGL_LOW_BIT
(3057) 7440  0111010001000000 ( 105)                 STR   R2 R1 #0
(3058) 1261  0001001001100001 ( 106)                 ADD   R1 R1 #1
(3059) 0FF8  0000111111111000 ( 107)                 BRNZP DECRYPT_EL
(305A) 6F80  0110111110000000 ( 108) DECRYPT_RETURN  LDR   R7 R6 #0
(305B) 1DBF  0001110110111111 ( 109)                 ADD   R6 R6 #-1
(305C) C1C0  1100000111000000 ( 110)                 RET   
(305D) 1DA1  0001110110100001 ( 113) ENCRYPT         ADD   R6 R6 #1
(305E) 7F80  0111111110000000 ( 114)                 STR   R7 R6 #0
(305F) E21B  1110001000011011 ( 115)                 LEA   R1 MSG_STORE
(3060) 2A19  0010101000011001 ( 116)                 LD    R5 KEY_STORE
(3061) 6440  0110010001000000 ( 117) ENCRYPT_EL      LDR   R2 R1 #0
(3062) 16A0  0001011010100000 ( 118)                 ADD   R3 R2 #0
(3063) 0405  0000010000000101 ( 119)                 BRZ   ENCRYPT_RETURN
(3064) 4807  0100100000000111 ( 120)                 JSR   TOGL_LOW_BIT
(3065) 1485  0001010010000101 ( 121)                 ADD   R2 R2 R5
(3066) 7440  0111010001000000 ( 122)                 STR   R2 R1 #0
(3067) 1261  0001001001100001 ( 123)                 ADD   R1 R1 #1
(3068) 0FF8  0000111111111000 ( 124)                 BRNZP ENCRYPT_EL
(3069) 6F80  0110111110000000 ( 125) ENCRYPT_RETURN  LDR   R7 R6 #0
(306A) 1DBF  0001110110111111 ( 126)                 ADD   R6 R6 #-1
(306B) C1C0  1100000111000000 ( 127)                 RET   
(306C) 1DA1  0001110110100001 ( 130) TOGL_LOW_BIT    ADD   R6 R6 #1
(306D) 7F80  0111111110000000 ( 131)                 STR   R7 R6 #0
(306E) 2827  0010100000100111 ( 132)                 LD    R4 TOGL_MASK
(306F) 5684  0101011010000100 ( 133)                 AND   R3 R2 R4
(3070) 0204  0000001000000100 ( 134)                 BRP   SUB_ONE
(3071) 14A1  0001010010100001 ( 135)                 ADD   R2 R2 #1
(3072) 6F80  0110111110000000 ( 136)                 LDR   R7 R6 #0
(3073) 1DBF  0001110110111111 ( 137)                 ADD   R6 R6 #-1
(3074) C1C0  1100000111000000 ( 138)                 RET   
(3075) 14BF  0001010010111111 ( 139) SUB_ONE         ADD   R2 R2 #-1
(3076) 6F80  0110111110000000 ( 140)                 LDR   R7 R6 #0
(3077) 1DBF  0001110110111111 ( 141)                 ADD   R6 R6 #-1
(3078) C1C0  1100000111000000 ( 142)                 RET   
(3079) 0000  0000000000000000 ( 148) OP_STORE        .FILL x0000
(307A) 0000  0000000000000000 ( 149) KEY_STORE       .FILL x0000
(307B) 0000  0000000000000000 ( 150) MSG_STORE       .FILL x0000
(307C) 0000  0000000000000000 ( 150)                 .FILL x0000
(307D) 0000  0000000000000000 ( 150)                 .FILL x0000
(307E) 0000  0000000000000000 ( 150)                 .FILL x0000
(307F) 0000  0000000000000000 ( 150)                 .FILL x0000
(3080) 0000  0000000000000000 ( 150)                 .FILL x0000
(3081) 0000  0000000000000000 ( 150)                 .FILL x0000
(3082) 0000  0000000000000000 ( 150)                 .FILL x0000
(3083) 0000  0000000000000000 ( 150)                 .FILL x0000
(3084) 0000  0000000000000000 ( 150)                 .FILL x0000
(3085) 0000  0000000000000000 ( 150)                 .FILL x0000
(3086) 0000  0000000000000000 ( 150)                 .FILL x0000
(3087) 0000  0000000000000000 ( 150)                 .FILL x0000
(3088) 0000  0000000000000000 ( 150)                 .FILL x0000
(3089) 0000  0000000000000000 ( 150)                 .FILL x0000
(308A) 0000  0000000000000000 ( 150)                 .FILL x0000
(308B) 0000  0000000000000000 ( 150)                 .FILL x0000
(308C) 0000  0000000000000000 ( 150)                 .FILL x0000
(308D) 0000  0000000000000000 ( 150)                 .FILL x0000
(308E) 0000  0000000000000000 ( 150)                 .FILL x0000
(308F) 0000  0000000000000000 ( 150)                 .FILL x0000
(3090) FFBC  1111111110111100 ( 150) NEG_D           .FILL xFFBC
(3091) 000A  0000000000001010 ( 151) NEWLINE_CHAR    .FILL x000A
(3092) FFF6  1111111111110110 ( 152) NEG_NEWLINE     .FILL xFFF6
(3093) FFF3  1111111111110011 ( 153) NEG_CARRET      .FILL xFFF3
(3094) FFED  1111111111101101 ( 154) NEG_19          .FILL xFFED
(3095) FFD0  1111111111010000 ( 155) NEG_ASCII_NUM   .FILL xFFD0
(3096) 0001  0000000000000001 ( 156) TOGL_MASK       .FILL x0001
(3097) 0000  0000000000000000 ( 158) RET_STACK       .FILL x0000
(3098) 0000  0000000000000000 ( 158)                 .FILL x0000
(3099) 0000  0000000000000000 ( 158)                 .FILL x0000
(309A) 0000  0000000000000000 ( 158)                 .FILL x0000
(309B) 000A  0000000000001010 ( 158) NEWLINE         .FILL x000A
(309C) 0000  0000000000000000 ( 158)                 .FILL x0000
(309D) 000A  0000000000001010 ( 159) OP_PROMPT       .FILL x000A
(309E) 0028  0000000000101000 ( 159)                 .FILL x0028
(309F) 0045  0000000001000101 ( 159)                 .FILL x0045
(30A0) 0029  0000000000101001 ( 159)                 .FILL x0029
(30A1) 006E  0000000001101110 ( 159)                 .FILL x006E
(30A2) 0063  0000000001100011 ( 159)                 .FILL x0063
(30A3) 0072  0000000001110010 ( 159)                 .FILL x0072
(30A4) 0079  0000000001111001 ( 159)                 .FILL x0079
(30A5) 0070  0000000001110000 ( 159)                 .FILL x0070
(30A6) 0074  0000000001110100 ( 159)                 .FILL x0074
(30A7) 0020  0000000000100000 ( 159)                 .FILL x0020
(30A8) 006F  0000000001101111 ( 159)                 .FILL x006F
(30A9) 0072  0000000001110010 ( 159)                 .FILL x0072
(30AA) 0020  0000000000100000 ( 159)                 .FILL x0020
(30AB) 0028  0000000000101000 ( 159)                 .FILL x0028
(30AC) 0044  0000000001000100 ( 159)                 .FILL x0044
(30AD) 0029  0000000000101001 ( 159)                 .FILL x0029
(30AE) 0065  0000000001100101 ( 159)                 .FILL x0065
(30AF) 0063  0000000001100011 ( 159)                 .FILL x0063
(30B0) 0072  0000000001110010 ( 159)                 .FILL x0072
(30B1) 0079  0000000001111001 ( 159)                 .FILL x0079
(30B2) 0070  0000000001110000 ( 159)                 .FILL x0070
(30B3) 0074  0000000001110100 ( 159)                 .FILL x0074
(30B4) 0020  0000000000100000 ( 159)                 .FILL x0020
(30B5) 0079  0000000001111001 ( 159)                 .FILL x0079
(30B6) 006F  0000000001101111 ( 159)                 .FILL x006F
(30B7) 0075  0000000001110101 ( 159)                 .FILL x0075
(30B8) 0072  0000000001110010 ( 159)                 .FILL x0072
(30B9) 0020  0000000000100000 ( 159)                 .FILL x0020
(30BA) 006E  0000000001101110 ( 159)                 .FILL x006E
(30BB) 0061  0000000001100001 ( 159)                 .FILL x0061
(30BC) 006D  0000000001101101 ( 159)                 .FILL x006D
(30BD) 0065  0000000001100101 ( 159)                 .FILL x0065
(30BE) 003F  0000000000111111 ( 159)                 .FILL x003F
(30BF) 0020  0000000000100000 ( 159)                 .FILL x0020
(30C0) 0000  0000000000000000 ( 159)                 .FILL x0000
(30C1) 000A  0000000000001010 ( 160) PRINT_PROMPT    .FILL x000A
(30C2) 0050  0000000001010000 ( 160)                 .FILL x0050
(30C3) 0072  0000000001110010 ( 160)                 .FILL x0072
(30C4) 0065  0000000001100101 ( 160)                 .FILL x0065
(30C5) 0073  0000000001110011 ( 160)                 .FILL x0073
(30C6) 0073  0000000001110011 ( 160)                 .FILL x0073
(30C7) 0020  0000000000100000 ( 160)                 .FILL x0020
(30C8) 0061  0000000001100001 ( 160)                 .FILL x0061
(30C9) 006E  0000000001101110 ( 160)                 .FILL x006E
(30CA) 0079  0000000001111001 ( 160)                 .FILL x0079
(30CB) 0020  0000000000100000 ( 160)                 .FILL x0020
(30CC) 006B  0000000001101011 ( 160)                 .FILL x006B
(30CD) 0065  0000000001100101 ( 160)                 .FILL x0065
(30CE) 0079  0000000001111001 ( 160)                 .FILL x0079
(30CF) 0020  0000000000100000 ( 160)                 .FILL x0020
(30D0) 0074  0000000001110100 ( 160)                 .FILL x0074
(30D1) 006F  0000000001101111 ( 160)                 .FILL x006F
(30D2) 0020  0000000000100000 ( 160)                 .FILL x0020
(30D3) 0063  0000000001100011 ( 160)                 .FILL x0063
(30D4) 006F  0000000001101111 ( 160)                 .FILL x006F
(30D5) 006E  0000000001101110 ( 160)                 .FILL x006E
(30D6) 0074  0000000001110100 ( 160)                 .FILL x0074
(30D7) 0069  0000000001101001 ( 160)                 .FILL x0069
(30D8) 006E  0000000001101110 ( 160)                 .FILL x006E
(30D9) 0075  0000000001110101 ( 160)                 .FILL x0075
(30DA) 0065  0000000001100101 ( 160)                 .FILL x0065
(30DB) 003A  0000000000111010 ( 160)                 .FILL x003A
(30DC) 0020  0000000000100000 ( 160)                 .FILL x0020
(30DD) 0000  0000000000000000 ( 160)                 .FILL x0000
(30DE) 000A  0000000000001010 ( 161) KEY_E_PROMPT    .FILL x000A
(30DF) 0045  0000000001000101 ( 161)                 .FILL x0045
(30E0) 006E  0000000001101110 ( 161)                 .FILL x006E
(30E1) 0074  0000000001110100 ( 161)                 .FILL x0074
(30E2) 0065  0000000001100101 ( 161)                 .FILL x0065
(30E3) 0072  0000000001110010 ( 161)                 .FILL x0072
(30E4) 0020  0000000000100000 ( 161)                 .FILL x0020
(30E5) 0065  0000000001100101 ( 161)                 .FILL x0065
(30E6) 006E  0000000001101110 ( 161)                 .FILL x006E
(30E7) 0063  0000000001100011 ( 161)                 .FILL x0063
(30E8) 0072  0000000001110010 ( 161)                 .FILL x0072
(30E9) 0079  0000000001111001 ( 161)                 .FILL x0079
(30EA) 0070  0000000001110000 ( 161)                 .FILL x0070
(30EB) 0074  0000000001110100 ( 161)                 .FILL x0074
(30EC) 0069  0000000001101001 ( 161)                 .FILL x0069
(30ED) 006F  0000000001101111 ( 161)                 .FILL x006F
(30EE) 006E  0000000001101110 ( 161)                 .FILL x006E
(30EF) 0020  0000000000100000 ( 161)                 .FILL x0020
(30F0) 006B  0000000001101011 ( 161)                 .FILL x006B
(30F1) 0065  0000000001100101 ( 161)                 .FILL x0065
(30F2) 0079  0000000001111001 ( 161)                 .FILL x0079
(30F3) 0028  0000000000101000 ( 161)                 .FILL x0028
(30F4) 0031  0000000000110001 ( 161)                 .FILL x0031
(30F5) 002D  0000000000101101 ( 161)                 .FILL x002D
(30F6) 0039  0000000000111001 ( 161)                 .FILL x0039
(30F7) 0029  0000000000101001 ( 161)                 .FILL x0029
(30F8) 003A  0000000000111010 ( 161)                 .FILL x003A
(30F9) 0020  0000000000100000 ( 161)                 .FILL x0020
(30FA) 0000  0000000000000000 ( 161)                 .FILL x0000
(30FB) 000A  0000000000001010 ( 162) KEY_D_PROMPT    .FILL x000A
(30FC) 0045  0000000001000101 ( 162)                 .FILL x0045
(30FD) 006E  0000000001101110 ( 162)                 .FILL x006E
(30FE) 0074  0000000001110100 ( 162)                 .FILL x0074
(30FF) 0065  0000000001100101 ( 162)                 .FILL x0065
(3100) 0072  0000000001110010 ( 162)                 .FILL x0072
(3101) 0020  0000000000100000 ( 162)                 .FILL x0020
(3102) 0064  0000000001100100 ( 162)                 .FILL x0064
(3103) 0065  0000000001100101 ( 162)                 .FILL x0065
(3104) 0063  0000000001100011 ( 162)                 .FILL x0063
(3105) 0072  0000000001110010 ( 162)                 .FILL x0072
(3106) 0079  0000000001111001 ( 162)                 .FILL x0079
(3107) 0070  0000000001110000 ( 162)                 .FILL x0070
(3108) 0074  0000000001110100 ( 162)                 .FILL x0074
(3109) 0069  0000000001101001 ( 162)                 .FILL x0069
(310A) 006F  0000000001101111 ( 162)                 .FILL x006F
(310B) 006E  0000000001101110 ( 162)                 .FILL x006E
(310C) 0020  0000000000100000 ( 162)                 .FILL x0020
(310D) 006B  0000000001101011 ( 162)                 .FILL x006B
(310E) 0065  0000000001100101 ( 162)                 .FILL x0065
(310F) 0079  0000000001111001 ( 162)                 .FILL x0079
(3110) 0028  0000000000101000 ( 162)                 .FILL x0028
(3111) 0031  0000000000110001 ( 162)                 .FILL x0031
(3112) 002D  0000000000101101 ( 162)                 .FILL x002D
(3113) 0039  0000000000111001 ( 162)                 .FILL x0039
(3114) 0029  0000000000101001 ( 162)                 .FILL x0029
(3115) 003A  0000000000111010 ( 162)                 .FILL x003A
(3116) 0020  0000000000100000 ( 162)                 .FILL x0020
(3117) 0000  0000000000000000 ( 162)                 .FILL x0000
(3118) 000A  0000000000001010 ( 163) MSG_PROMPT      .FILL x000A
(3119) 0045  0000000001000101 ( 163)                 .FILL x0045
(311A) 006E  0000000001101110 ( 163)                 .FILL x006E
(311B) 0074  0000000001110100 ( 163)                 .FILL x0074
(311C) 0065  0000000001100101 ( 163)                 .FILL x0065
(311D) 0072  0000000001110010 ( 163)                 .FILL x0072
(311E) 0020  0000000000100000 ( 163)                 .FILL x0020
(311F) 0079  0000000001111001 ( 163)                 .FILL x0079
(3120) 006F  0000000001101111 ( 163)                 .FILL x006F
(3121) 0075  0000000001110101 ( 163)                 .FILL x0075
(3122) 0072  0000000001110010 ( 163)                 .FILL x0072
(3123) 0020  0000000000100000 ( 163)                 .FILL x0020
(3124) 006E  0000000001101110 ( 163)                 .FILL x006E
(3125) 0061  0000000001100001 ( 163)                 .FILL x0061
(3126) 006D  0000000001101101 ( 163)                 .FILL x006D
(3127) 0065  0000000001100101 ( 163)                 .FILL x0065
(3128) 0020  0000000000100000 ( 163)                 .FILL x0020
(3129) 0028  0000000000101000 ( 163)                 .FILL x0028
(312A) 0032  0000000000110010 ( 163)                 .FILL x0032
(312B) 0030  0000000000110000 ( 163)                 .FILL x0030
(312C) 0020  0000000000100000 ( 163)                 .FILL x0020
(312D) 0063  0000000001100011 ( 163)                 .FILL x0063
(312E) 0068  0000000001101000 ( 163)                 .FILL x0068
(312F) 0061  0000000001100001 ( 163)                 .FILL x0061
(3130) 0072  0000000001110010 ( 163)                 .FILL x0072
(3131) 0020  0000000000100000 ( 163)                 .FILL x0020
(3132) 006C  0000000001101100 ( 163)                 .FILL x006C
(3133) 0069  0000000001101001 ( 163)                 .FILL x0069
(3134) 006D  0000000001101101 ( 163)                 .FILL x006D
(3135) 0069  0000000001101001 ( 163)                 .FILL x0069
(3136) 0074  0000000001110100 ( 163)                 .FILL x0074
(3137) 0029  0000000000101001 ( 163)                 .FILL x0029
(3138) 003A  0000000000111010 ( 163)                 .FILL x003A
(3139) 0020  0000000000100000 ( 163)                 .FILL x0020
(313A) 0000  0000000000000000 ( 163)                 .FILL x0000
