(0000) 3000  0011000000000000 (  10)                 .ORIG x3000
(3000) E223  1110001000100011 (  11)                 LEA   R1 STRING
(3001) E036  1110000000110110 (  12)                 LEA   R0 PROMPT1
(3002) F022  1111000000100010 (  13)                 TRAP  x22
(3003) 241F  0010010000011111 (  14)                 LD    R2 NEWLINE
(3004) 94BF  1001010010111111 (  15)                 NOT   R2 R2
(3005) 14A1  0001010010100001 (  16)                 ADD   R2 R2 #1
(3006) F020  1111000000100000 (  18) GETNAME         TRAP  x20
(3007) 1602  0001011000000010 (  19)                 ADD   R3 R0 R2
(3008) 0404  0000010000000100 (  20)                 BRZ   BREAK
(3009) 7040  0111000001000000 (  21)                 STR   R0 R1 #0
(300A) 1261  0001001001100001 (  22)                 ADD   R1 R1 #1
(300B) F021  1111000000100001 (  23)                 TRAP  x21
(300C) 0FF9  0000111111111001 (  24)                 BRNZP GETNAME
(300D) F021  1111000000100001 (  27) BREAK           TRAP  x21
(300E) E215  1110001000010101 (  28)                 LEA   R1 STRING
(300F) EA07  1110101000000111 (  29)                 LEA   R5 ENCRYPT
(3010) 4140  0100000101000000 (  30)                 JSRR  R5
(3011) E038  1110000000111000 (  32)                 LEA   R0 PROMPT2
(3012) F022  1111000000100010 (  33)                 TRAP  x22
(3013) F020  1111000000100000 (  34)                 TRAP  x20
(3014) E00F  1110000000001111 (  35)                 LEA   R0 STRING
(3015) F022  1111000000100010 (  36)                 TRAP  x22
(3016) F025  1111000000100101 (  38)                 TRAP  x25
(3017) 5920  0101100100100000 (  42) ENCRYPT         AND   R4 R4 #0
(3018) 1923  0001100100100011 (  43)                 ADD   R4 R4 #3
(3019) 993F  1001100100111111 (  44)                 NOT   R4 R4
(301A) 1921  0001100100100001 (  45)                 ADD   R4 R4 #1
(301B) 6440  0110010001000000 (  47) ENCLOOP         LDR   R2 R1 #0
(301C) 0404  0000010000000100 (  49)                 BRZ   ENCBREAK
(301D) 1484  0001010010000100 (  50)                 ADD   R2 R2 R4
(301E) 7440  0111010001000000 (  51)                 STR   R2 R1 #0
(301F) 1261  0001001001100001 (  52)                 ADD   R1 R1 #1
(3020) 0FFA  0000111111111010 (  53)                 BRNZP ENCLOOP
(3021) E002  1110000000000010 (  55) ENCBREAK        LEA   R0 STRING
(3022) C1C0  1100000111000000 (  56)                 RET   
(3023) 000A  0000000000001010 (  63) NEWLINE         .FILL x000A
(3024) 0000  0000000000000000 (  65) STRING          .FILL x0000
(3025) 0000  0000000000000000 (  65)                 .FILL x0000
(3026) 0000  0000000000000000 (  65)                 .FILL x0000
(3027) 0000  0000000000000000 (  65)                 .FILL x0000
(3028) 0000  0000000000000000 (  65)                 .FILL x0000
(3029) 0000  0000000000000000 (  65)                 .FILL x0000
(302A) 0000  0000000000000000 (  65)                 .FILL x0000
(302B) 0000  0000000000000000 (  65)                 .FILL x0000
(302C) 0000  0000000000000000 (  65)                 .FILL x0000
(302D) 0000  0000000000000000 (  65)                 .FILL x0000
(302E) 0000  0000000000000000 (  65)                 .FILL x0000
(302F) 0000  0000000000000000 (  65)                 .FILL x0000
(3030) 0000  0000000000000000 (  65)                 .FILL x0000
(3031) 0000  0000000000000000 (  65)                 .FILL x0000
(3032) 0000  0000000000000000 (  65)                 .FILL x0000
(3033) 0000  0000000000000000 (  65)                 .FILL x0000
(3034) 0000  0000000000000000 (  65)                 .FILL x0000
(3035) 0000  0000000000000000 (  65)                 .FILL x0000
(3036) 0000  0000000000000000 (  65)                 .FILL x0000
(3037) 0000  0000000000000000 (  65)                 .FILL x0000
(3038) 0045  0000000001000101 (  65) PROMPT1         .FILL x0045
(3039) 006E  0000000001101110 (  65)                 .FILL x006E
(303A) 0074  0000000001110100 (  65)                 .FILL x0074
(303B) 0065  0000000001100101 (  65)                 .FILL x0065
(303C) 0072  0000000001110010 (  65)                 .FILL x0072
(303D) 0020  0000000000100000 (  65)                 .FILL x0020
(303E) 0079  0000000001111001 (  65)                 .FILL x0079
(303F) 006F  0000000001101111 (  65)                 .FILL x006F
(3040) 0075  0000000001110101 (  65)                 .FILL x0075
(3041) 0072  0000000001110010 (  65)                 .FILL x0072
(3042) 0020  0000000000100000 (  65)                 .FILL x0020
(3043) 006E  0000000001101110 (  65)                 .FILL x006E
(3044) 0061  0000000001100001 (  65)                 .FILL x0061
(3045) 006D  0000000001101101 (  65)                 .FILL x006D
(3046) 0065  0000000001100101 (  65)                 .FILL x0065
(3047) 003A  0000000000111010 (  65)                 .FILL x003A
(3048) 0020  0000000000100000 (  65)                 .FILL x0020
(3049) 0000  0000000000000000 (  65)                 .FILL x0000
(304A) 0050  0000000001010000 (  66) PROMPT2         .FILL x0050
(304B) 0072  0000000001110010 (  66)                 .FILL x0072
(304C) 0065  0000000001100101 (  66)                 .FILL x0065
(304D) 0073  0000000001110011 (  66)                 .FILL x0073
(304E) 0073  0000000001110011 (  66)                 .FILL x0073
(304F) 0020  0000000000100000 (  66)                 .FILL x0020
(3050) 0061  0000000001100001 (  66)                 .FILL x0061
(3051) 006E  0000000001101110 (  66)                 .FILL x006E
(3052) 0079  0000000001111001 (  66)                 .FILL x0079
(3053) 0020  0000000000100000 (  66)                 .FILL x0020
(3054) 006B  0000000001101011 (  66)                 .FILL x006B
(3055) 0065  0000000001100101 (  66)                 .FILL x0065
(3056) 0079  0000000001111001 (  66)                 .FILL x0079
(3057) 0020  0000000000100000 (  66)                 .FILL x0020
(3058) 0074  0000000001110100 (  66)                 .FILL x0074
(3059) 006F  0000000001101111 (  66)                 .FILL x006F
(305A) 0020  0000000000100000 (  66)                 .FILL x0020
(305B) 0063  0000000001100011 (  66)                 .FILL x0063
(305C) 006F  0000000001101111 (  66)                 .FILL x006F
(305D) 006E  0000000001101110 (  66)                 .FILL x006E
(305E) 0074  0000000001110100 (  66)                 .FILL x0074
(305F) 0069  0000000001101001 (  66)                 .FILL x0069
(3060) 006E  0000000001101110 (  66)                 .FILL x006E
(3061) 0075  0000000001110101 (  66)                 .FILL x0075
(3062) 0065  0000000001100101 (  66)                 .FILL x0065
(3063) 002E  0000000000101110 (  66)                 .FILL x002E
(3064) 002E  0000000000101110 (  66)                 .FILL x002E
(3065) 002E  0000000000101110 (  66)                 .FILL x002E
(3066) 0000  0000000000000000 (  66)                 .FILL x0000
