(0000) 3000  0011000000000000 (   7)                 .ORIG x3000
(3000) 480C  0100100000001100 (  10) GET_INPUTS      JSR   GET_OP
(3001) 4814  0100100000010100 (  11)                 JSR   GET_KEY
(3002) 481D  0100100000011101 (  12)                 JSR   GET_MSG
(3003) 2259  0010001001011001 (  13)                 LD    R1 OP_STORE
(3004) 246F  0010010001101111 (  14)                 LD    R2 NEG_D
(3005) 1242  0001001001000010 (  15)                 ADD   R1 R1 R2
(3006) 0402  0000010000000010 (  16)                 BRZ   GO_DECRYPT
(3007) 483E  0100100000111110 (  17)                 JSR   ENCRYPT
(3008) 0E01  0000111000000001 (  18)                 BRNZP PRINT_MSG
(3009) 482D  0100100000101101 (  19) GO_DECRYPT      JSR   DECRYPT
(300A) E054  1110000001010100 (  20) PRINT_MSG       LEA   R0 MSG_STORE
(300B) F022  1111000000100010 (  21)                 TRAP  x22
(300C) F025  1111000000100101 (  22)                 TRAP  x25
(300D) 3E6B  0011111001101011 (  25) GET_OP          ST    R7 RET_ADDR
(300E) E06C  1110000001101100 (  26)                 LEA   R0 OP_PROMPT
(300F) F022  1111000000100010 (  27)                 TRAP  x22
(3010) F020  1111000000100000 (  28)                 TRAP  x20
(3011) F021  1111000000100001 (  29)                 TRAP  x21
(3012) E24A  1110001001001010 (  30)                 LEA   R1 OP_STORE
(3013) 7040  0111000001000000 (  31)                 STR   R0 R1 #0
(3014) 2E64  0010111001100100 (  32)                 LD    R7 RET_ADDR
(3015) C1C0  1100000111000000 (  33)                 RET   
(3016) 3E62  0011111001100010 (  36) GET_KEY         ST    R7 RET_ADDR
(3017) E07F  1110000001111111 (  37)                 LEA   R0 KEY_PROMPT
(3018) F022  1111000000100010 (  38)                 TRAP  x22
(3019) F020  1111000000100000 (  39)                 TRAP  x20
(301A) F021  1111000000100001 (  40)                 TRAP  x21
(301B) 225B  0010001001011011 (  41)                 LD    R1 NEG_ASCII_NUM
(301C) 1001  0001000000000001 (  42)                 ADD   R0 R0 R1
(301D) 3040  0011000001000000 (  43)                 ST    R0 KEY_STORE
(301E) 2E5A  0010111001011010 (  44)                 LD    R7 RET_ADDR
(301F) C1C0  1100000111000000 (  45)                 RET   
(3020) 3E58  0011111001011000 (  48) GET_MSG         ST    R7 RET_ADDR
(3021) E092  1110000010010010 (  49)                 LEA   R0 MSG_PROMPT
(3022) F022  1111000000100010 (  50)                 TRAP  x22
(3023) E23B  1110001000111011 (  51)                 LEA   R1 MSG_STORE
(3024) 54A0  0101010010100000 (  52)                 AND   R2 R2 #0
(3025) 2650  0010011001010000 (  53)                 LD    R3 NEG_19
(3026) 284E  0010100001001110 (  54)                 LD    R4 NEG_NEWLINE
(3027) F020  1111000000100000 (  55) GET_MSG_STR     TRAP  x20
(3028) 1A04  0001101000000100 (  56)                 ADD   R5 R0 R4
(3029) 0408  0000010000001000 (  57)                 BRZ   GET_MSG_TERM
(302A) 1AC2  0001101011000010 (  58)                 ADD   R5 R3 R2
(302B) 05FB  0000010111111011 (  59)                 BRZ   GET_MSG_STR
(302C) F021  1111000000100001 (  60)                 TRAP  x21
(302D) 7040  0111000001000000 (  61)                 STR   R0 R1 #0
(302E) 1261  0001001001100001 (  62)                 ADD   R1 R1 #1
(302F) 14A1  0001010010100001 (  63)                 ADD   R2 R2 #1
(3030) 1AC2  0001101011000010 (  64)                 ADD   R5 R3 R2
(3031) 0FF5  0000111111110101 (  65)                 BRNZP GET_MSG_STR
(3032) F021  1111000000100001 (  66) GET_MSG_TERM    TRAP  x21
(3033) 5020  0101000000100000 (  67)                 AND   R0 R0 #0
(3034) 7040  0111000001000000 (  68)                 STR   R0 R1 #0
(3035) 2E43  0010111001000011 (  69)                 LD    R7 RET_ADDR
(3036) C1C0  1100000111000000 (  70)                 RET   
(3037) 3E41  0011111001000001 (  73) DECRYPT         ST    R7 RET_ADDR
(3038) E226  1110001000100110 (  74)                 LEA   R1 MSG_STORE
(3039) 2A24  0010101000100100 (  75)                 LD    R5 KEY_STORE
(303A) 9B7F  1001101101111111 (  76)                 NOT   R5 R5
(303B) 1B61  0001101101100001 (  77)                 ADD   R5 R5 #1
(303C) 6440  0110010001000000 (  78) DECRYPT_EL      LDR   R2 R1 #0
(303D) 1CA0  0001110010100000 (  79)                 ADD   R6 R2 #0
(303E) 0405  0000010000000101 (  80)                 BRZ   DECRYPT_RETURN
(303F) 4813  0100100000010011 (  81)                 JSR   TOGL_LOW_BIT
(3040) 1485  0001010010000101 (  82)                 ADD   R2 R2 R5
(3041) 7440  0111010001000000 (  83)                 STR   R2 R1 #0
(3042) 1261  0001001001100001 (  84)                 ADD   R1 R1 #1
(3043) 0E05  0000111000000101 (  85)                 BRNZP ENCRYPT_EL
(3044) 2E34  0010111000110100 (  86) DECRYPT_RETURN  LD    R7 RET_ADDR
(3045) C1C0  1100000111000000 (  87)                 RET   
(3046) 3E32  0011111000110010 (  90) ENCRYPT         ST    R7 RET_ADDR
(3047) E217  1110001000010111 (  91)                 LEA   R1 MSG_STORE
(3048) 2A15  0010101000010101 (  92)                 LD    R5 KEY_STORE
(3049) 6440  0110010001000000 (  93) ENCRYPT_EL      LDR   R2 R1 #0
(304A) 1CA0  0001110010100000 (  94)                 ADD   R6 R2 #0
(304B) 0405  0000010000000101 (  95)                 BRZ   ENCRYPT_RETURN
(304C) 4806  0100100000000110 (  96)                 JSR   TOGL_LOW_BIT
(304D) 1485  0001010010000101 (  97)                 ADD   R2 R2 R5
(304E) 7440  0111010001000000 (  98)                 STR   R2 R1 #0
(304F) 1261  0001001001100001 (  99)                 ADD   R1 R1 #1
(3050) 0FF8  0000111111111000 ( 100)                 BRNZP ENCRYPT_EL
(3051) 2E27  0010111000100111 ( 101) ENCRYPT_RETURN  LD    R7 RET_ADDR
(3052) C1C0  1100000111000000 ( 102)                 RET   
(3053) 3E26  0011111000100110 ( 105) TOGL_LOW_BIT    ST    R7 RET_ADDR_2
(3054) 2823  0010100000100011 ( 106)                 LD    R4 TOGL_MASK
(3055) 5684  0101011010000100 ( 107)                 AND   R3 R2 R4
(3056) 0203  0000001000000011 ( 108)                 BRP   SUB_ONE
(3057) 14A1  0001010010100001 ( 109)                 ADD   R2 R2 #1
(3058) 2E21  0010111000100001 ( 110)                 LD    R7 RET_ADDR_2
(3059) C1C0  1100000111000000 ( 111)                 RET   
(305A) 14BF  0001010010111111 ( 112) SUB_ONE         ADD   R2 R2 #-1
(305B) 2E1E  0010111000011110 ( 113)                 LD    R7 RET_ADDR_2
(305C) C1C0  1100000111000000 ( 114)                 RET   
(305D) 0000  0000000000000000 ( 120) OP_STORE        .FILL x0000
(305E) 0000  0000000000000000 ( 121) KEY_STORE       .FILL x0000
(305F) 0000  0000000000000000 ( 122) MSG_STORE       .FILL x0000
(3060) 0000  0000000000000000 ( 122)                 .FILL x0000
(3061) 0000  0000000000000000 ( 122)                 .FILL x0000
(3062) 0000  0000000000000000 ( 122)                 .FILL x0000
(3063) 0000  0000000000000000 ( 122)                 .FILL x0000
(3064) 0000  0000000000000000 ( 122)                 .FILL x0000
(3065) 0000  0000000000000000 ( 122)                 .FILL x0000
(3066) 0000  0000000000000000 ( 122)                 .FILL x0000
(3067) 0000  0000000000000000 ( 122)                 .FILL x0000
(3068) 0000  0000000000000000 ( 122)                 .FILL x0000
(3069) 0000  0000000000000000 ( 122)                 .FILL x0000
(306A) 0000  0000000000000000 ( 122)                 .FILL x0000
(306B) 0000  0000000000000000 ( 122)                 .FILL x0000
(306C) 0000  0000000000000000 ( 122)                 .FILL x0000
(306D) 0000  0000000000000000 ( 122)                 .FILL x0000
(306E) 0000  0000000000000000 ( 122)                 .FILL x0000
(306F) 0000  0000000000000000 ( 122)                 .FILL x0000
(3070) 0000  0000000000000000 ( 122)                 .FILL x0000
(3071) 0000  0000000000000000 ( 122)                 .FILL x0000
(3072) 0000  0000000000000000 ( 122)                 .FILL x0000
(3073) 0000  0000000000000000 ( 122)                 .FILL x0000
(3074) FFBC  1111111110111100 ( 122) NEG_D           .FILL xFFBC
(3075) FFF6  1111111111110110 ( 123) NEG_NEWLINE     .FILL xFFF6
(3076) FFED  1111111111101101 ( 124) NEG_19          .FILL xFFED
(3077) FFD0  1111111111010000 ( 125) NEG_ASCII_NUM   .FILL xFFD0
(3078) 0001  0000000000000001 ( 126) TOGL_MASK       .FILL x0001
(3079) 0000  0000000000000000 ( 128) RET_ADDR        .FILL x0000
(307A) 0000  0000000000000000 ( 129) RET_ADDR_2      .FILL x0000
(307B) 000A  0000000000001010 ( 129) OP_PROMPT       .FILL x000A
(307C) 0054  0000000001010100 ( 129)                 .FILL x0054
(307D) 0079  0000000001111001 ( 129)                 .FILL x0079
(307E) 0070  0000000001110000 ( 129)                 .FILL x0070
(307F) 0065  0000000001100101 ( 129)                 .FILL x0065
(3080) 0020  0000000000100000 ( 129)                 .FILL x0020
(3081) 0028  0000000000101000 ( 129)                 .FILL x0028
(3082) 0045  0000000001000101 ( 129)                 .FILL x0045
(3083) 0029  0000000000101001 ( 129)                 .FILL x0029
(3084) 006E  0000000001101110 ( 129)                 .FILL x006E
(3085) 0063  0000000001100011 ( 129)                 .FILL x0063
(3086) 0072  0000000001110010 ( 129)                 .FILL x0072
(3087) 0079  0000000001111001 ( 129)                 .FILL x0079
(3088) 0070  0000000001110000 ( 129)                 .FILL x0070
(3089) 0074  0000000001110100 ( 129)                 .FILL x0074
(308A) 002F  0000000000101111 ( 129)                 .FILL x002F
(308B) 0028  0000000000101000 ( 129)                 .FILL x0028
(308C) 0044  0000000001000100 ( 129)                 .FILL x0044
(308D) 0029  0000000000101001 ( 129)                 .FILL x0029
(308E) 0065  0000000001100101 ( 129)                 .FILL x0065
(308F) 0063  0000000001100011 ( 129)                 .FILL x0063
(3090) 0072  0000000001110010 ( 129)                 .FILL x0072
(3091) 0079  0000000001111001 ( 129)                 .FILL x0079
(3092) 0070  0000000001110000 ( 129)                 .FILL x0070
(3093) 0074  0000000001110100 ( 129)                 .FILL x0074
(3094) 003A  0000000000111010 ( 129)                 .FILL x003A
(3095) 0020  0000000000100000 ( 129)                 .FILL x0020
(3096) 0000  0000000000000000 ( 129)                 .FILL x0000
(3097) 000A  0000000000001010 ( 130) KEY_PROMPT      .FILL x000A
(3098) 0045  0000000001000101 ( 130)                 .FILL x0045
(3099) 006E  0000000001101110 ( 130)                 .FILL x006E
(309A) 0074  0000000001110100 ( 130)                 .FILL x0074
(309B) 0065  0000000001100101 ( 130)                 .FILL x0065
(309C) 0072  0000000001110010 ( 130)                 .FILL x0072
(309D) 0020  0000000000100000 ( 130)                 .FILL x0020
(309E) 0065  0000000001100101 ( 130)                 .FILL x0065
(309F) 006E  0000000001101110 ( 130)                 .FILL x006E
(30A0) 0063  0000000001100011 ( 130)                 .FILL x0063
(30A1) 0072  0000000001110010 ( 130)                 .FILL x0072
(30A2) 0079  0000000001111001 ( 130)                 .FILL x0079
(30A3) 0070  0000000001110000 ( 130)                 .FILL x0070
(30A4) 0074  0000000001110100 ( 130)                 .FILL x0074
(30A5) 0069  0000000001101001 ( 130)                 .FILL x0069
(30A6) 006F  0000000001101111 ( 130)                 .FILL x006F
(30A7) 006E  0000000001101110 ( 130)                 .FILL x006E
(30A8) 0020  0000000000100000 ( 130)                 .FILL x0020
(30A9) 006B  0000000001101011 ( 130)                 .FILL x006B
(30AA) 0065  0000000001100101 ( 130)                 .FILL x0065
(30AB) 0079  0000000001111001 ( 130)                 .FILL x0079
(30AC) 0028  0000000000101000 ( 130)                 .FILL x0028
(30AD) 0031  0000000000110001 ( 130)                 .FILL x0031
(30AE) 002D  0000000000101101 ( 130)                 .FILL x002D
(30AF) 0039  0000000000111001 ( 130)                 .FILL x0039
(30B0) 0029  0000000000101001 ( 130)                 .FILL x0029
(30B1) 003A  0000000000111010 ( 130)                 .FILL x003A
(30B2) 0020  0000000000100000 ( 130)                 .FILL x0020
(30B3) 0000  0000000000000000 ( 130)                 .FILL x0000
(30B4) 000A  0000000000001010 ( 131) MSG_PROMPT      .FILL x000A
(30B5) 0045  0000000001000101 ( 131)                 .FILL x0045
(30B6) 006E  0000000001101110 ( 131)                 .FILL x006E
(30B7) 0074  0000000001110100 ( 131)                 .FILL x0074
(30B8) 0065  0000000001100101 ( 131)                 .FILL x0065
(30B9) 0072  0000000001110010 ( 131)                 .FILL x0072
(30BA) 0020  0000000000100000 ( 131)                 .FILL x0020
(30BB) 006D  0000000001101101 ( 131)                 .FILL x006D
(30BC) 0065  0000000001100101 ( 131)                 .FILL x0065
(30BD) 0073  0000000001110011 ( 131)                 .FILL x0073
(30BE) 0073  0000000001110011 ( 131)                 .FILL x0073
(30BF) 0061  0000000001100001 ( 131)                 .FILL x0061
(30C0) 0067  0000000001100111 ( 131)                 .FILL x0067
(30C1) 0065  0000000001100101 ( 131)                 .FILL x0065
(30C2) 0020  0000000000100000 ( 131)                 .FILL x0020
(30C3) 0028  0000000000101000 ( 131)                 .FILL x0028
(30C4) 0031  0000000000110001 ( 131)                 .FILL x0031
(30C5) 0039  0000000000111001 ( 131)                 .FILL x0039
(30C6) 0020  0000000000100000 ( 131)                 .FILL x0020
(30C7) 0063  0000000001100011 ( 131)                 .FILL x0063
(30C8) 0068  0000000001101000 ( 131)                 .FILL x0068
(30C9) 0061  0000000001100001 ( 131)                 .FILL x0061
(30CA) 0072  0000000001110010 ( 131)                 .FILL x0072
(30CB) 0020  0000000000100000 ( 131)                 .FILL x0020
(30CC) 006C  0000000001101100 ( 131)                 .FILL x006C
(30CD) 0069  0000000001101001 ( 131)                 .FILL x0069
(30CE) 006D  0000000001101101 ( 131)                 .FILL x006D
(30CF) 0069  0000000001101001 ( 131)                 .FILL x0069
(30D0) 0074  0000000001110100 ( 131)                 .FILL x0074
(30D1) 0029  0000000000101001 ( 131)                 .FILL x0029
(30D2) 003A  0000000000111010 ( 131)                 .FILL x003A
(30D3) 0020  0000000000100000 ( 131)                 .FILL x0020
(30D4) 0000  0000000000000000 ( 131)                 .FILL x0000
(30D5) 000A  0000000000001010 ( 132) NEWLINE         .FILL x000A
(30D6) 0000  0000000000000000 ( 132)                 .FILL x0000
