(0000) 3000  0011000000000000 (   7)                 .ORIG x3000
(3000) E00F  1110000000001111 (   8)                 LEA   R0 OUT_LARGE
(3001) F022  1111000000100010 (   9)                 TRAP  x22
(3002) F020  1111000000100000 (  10)                 TRAP  x20
(3003) E024  1110000000100100 (  11)                 LEA   R0 OUT_MEDIUM
(3004) F022  1111000000100010 (  12)                 TRAP  x22
(3005) F020  1111000000100000 (  13)                 TRAP  x20
(3006) E030  1110000000110000 (  14)                 LEA   R0 OUT_SMALL
(3007) F022  1111000000100010 (  15)                 TRAP  x22
(3008) F020  1111000000100000 (  16)                 TRAP  x20
(3009) E01E  1110000000011110 (  17)                 LEA   R0 OUT_MEDIUM
(300A) F022  1111000000100010 (  18)                 TRAP  x22
(300B) F020  1111000000100000 (  19)                 TRAP  x20
(300C) E003  1110000000000011 (  20)                 LEA   R0 OUT_LARGE
(300D) F022  1111000000100010 (  21)                 TRAP  x22
(300E) F020  1111000000100000 (  22)                 TRAP  x20
(300F) F025  1111000000100101 (  23)                 TRAP  x25
(3010) 000A  0000000000001010 (  27) OUT_LARGE       .FILL x000A
(3011) 0054  0000000001010100 (  27)                 .FILL x0054
(3012) 0068  0000000001101000 (  27)                 .FILL x0068
(3013) 0069  0000000001101001 (  27)                 .FILL x0069
(3014) 0073  0000000001110011 (  27)                 .FILL x0073
(3015) 0020  0000000000100000 (  27)                 .FILL x0020
(3016) 0069  0000000001101001 (  27)                 .FILL x0069
(3017) 0073  0000000001110011 (  27)                 .FILL x0073
(3018) 0020  0000000000100000 (  27)                 .FILL x0020
(3019) 0061  0000000001100001 (  27)                 .FILL x0061
(301A) 0020  0000000000100000 (  27)                 .FILL x0020
(301B) 006C  0000000001101100 (  27)                 .FILL x006C
(301C) 0061  0000000001100001 (  27)                 .FILL x0061
(301D) 0072  0000000001110010 (  27)                 .FILL x0072
(301E) 0067  0000000001100111 (  27)                 .FILL x0067
(301F) 0065  0000000001100101 (  27)                 .FILL x0065
(3020) 0020  0000000000100000 (  27)                 .FILL x0020
(3021) 006F  0000000001101111 (  27)                 .FILL x006F
(3022) 0075  0000000001110101 (  27)                 .FILL x0075
(3023) 0074  0000000001110100 (  27)                 .FILL x0074
(3024) 0070  0000000001110000 (  27)                 .FILL x0070
(3025) 0075  0000000001110101 (  27)                 .FILL x0075
(3026) 0074  0000000001110100 (  27)                 .FILL x0074
(3027) 0000  0000000000000000 (  27)                 .FILL x0000
(3028) 000A  0000000000001010 (  28) OUT_MEDIUM      .FILL x000A
(3029) 004D  0000000001001101 (  28)                 .FILL x004D
(302A) 0065  0000000001100101 (  28)                 .FILL x0065
(302B) 0064  0000000001100100 (  28)                 .FILL x0064
(302C) 0069  0000000001101001 (  28)                 .FILL x0069
(302D) 0075  0000000001110101 (  28)                 .FILL x0075
(302E) 006D  0000000001101101 (  28)                 .FILL x006D
(302F) 0020  0000000000100000 (  28)                 .FILL x0020
(3030) 006F  0000000001101111 (  28)                 .FILL x006F
(3031) 0075  0000000001110101 (  28)                 .FILL x0075
(3032) 0074  0000000001110100 (  28)                 .FILL x0074
(3033) 0070  0000000001110000 (  28)                 .FILL x0070
(3034) 0075  0000000001110101 (  28)                 .FILL x0075
(3035) 0074  0000000001110100 (  28)                 .FILL x0074
(3036) 0000  0000000000000000 (  28)                 .FILL x0000
(3037) 000A  0000000000001010 (  29) OUT_SMALL       .FILL x000A
(3038) 0053  0000000001010011 (  29)                 .FILL x0053
(3039) 006D  0000000001101101 (  29)                 .FILL x006D
(303A) 0061  0000000001100001 (  29)                 .FILL x0061
(303B) 006C  0000000001101100 (  29)                 .FILL x006C
(303C) 006C  0000000001101100 (  29)                 .FILL x006C
(303D) 0000  0000000000000000 (  29)                 .FILL x0000
