(0000) 3000  0011000000000000 (   5)                 .ORIG x3000
(3000) 5920  0101100100100000 (   7)                 AND   R4 R4 #0
(3001) E035  1110000000110101 (   8)                 LEA   R0 ARGS_PROMPT
(3002) F022  1111000000100010 (   9)                 TRAP  x22
(3003) 480D  0100100000001101 (  10)                 JSR   GET_ARGS
(3004) 4817  0100100000010111 (  11)                 JSR   COUNT
(3005) 4826  0100100000100110 (  12)                 JSR   SUM
(3006) E269  1110001001101001 (  13)                 LEA   R1 RESULT
(3007) 7040  0111000001000000 (  14)                 STR   R0 R1 #0
(3008) E05F  1110000001011111 (  15)                 LEA   R0 RESULT_PROMPT
(3009) F022  1111000000100010 (  16)                 TRAP  x22
(300A) 6040  0110000001000000 (  17)                 LDR   R0 R1 #0
(300B) 1030  0001000000110000 (  18)                 ADD   R0 R0 #-16
(300C) 1030  0001000000110000 (  19)                 ADD   R0 R0 #-16
(300D) 1030  0001000000110000 (  20)                 ADD   R0 R0 #-16
(300E) 1030  0001000000110000 (  21)                 ADD   R0 R0 #-16
(300F) F021  1111000000100001 (  22)                 TRAP  x21
(3010) F025  1111000000100101 (  23)                 TRAP  x25
(3011) 1000  0001000000000000 (  25) GET_ARGS        ADD   R0 R0 R0
(3012) F020  1111000000100000 (  26)                 TRAP  x20
(3013) 1000  0001000000000000 (  27)                 ADD   R0 R0 R0
(3014) 1000  0001000000000000 (  29)                 ADD   R0 R0 R0
(3015) 1000  0001000000000000 (  30)                 ADD   R0 R0 R0
(3016) 481B  0100100000011011 (  31)                 JSR   CONVERT
(3017) 1000  0001000000000000 (  32)                 ADD   R0 R0 R0
(3018) E256  1110001001010110 (  34)                 LEA   R1 ARGS_STORE
(3019) 7040  0111000001000000 (  35)                 STR   R0 R1 #0
(301A) 2454  0010010001010100 (  36)                 LD    R2 ARGS_STORE
(301B) C1C0  1100000111000000 (  37)                 RET   
(301C) E034  1110000000110100 (  39) COUNT           LEA   R0 ENTER_PROMPT
(301D) 1000  0001000000000000 (  40)                 ADD   R0 R0 R0
(301E) F022  1111000000100010 (  41)                 TRAP  x22
(301F) 1000  0001000000000000 (  42)                 ADD   R0 R0 R0
(3020) 1000  0001000000000000 (  43)                 ADD   R0 R0 R0
(3021) F020  1111000000100000 (  44)                 TRAP  x20
(3022) 1000  0001000000000000 (  45)                 ADD   R0 R0 R0
(3023) 1000  0001000000000000 (  47)                 ADD   R0 R0 R0
(3024) 1000  0001000000000000 (  48)                 ADD   R0 R0 R0
(3025) 480C  0100100000001100 (  49)                 JSR   CONVERT
(3026) 1000  0001000000000000 (  50)                 ADD   R0 R0 R0
(3027) 1000  0001000000000000 (  52)                 ADD   R0 R0 R0
(3028) 14BF  0001010010111111 (  53)                 ADD   R2 R2 #-1
(3029) 03F2  0000001111110010 (  54)                 BRP   COUNT
(302A) 2444  0010010001000100 (  55)                 LD    R2 ARGS_STORE
(302B) C1C0  1100000111000000 (  56)                 RET   
(302C) 1000  0001000000000000 (  58) SUM             ADD   R0 R0 R0
(302D) 1903  0001100100000011 (  59)                 ADD   R4 R4 R3
(302E) 14BF  0001010010111111 (  60)                 ADD   R2 R2 #-1
(302F) 03FC  0000001111111100 (  61)                 BRP   SUM
(3030) 1120  0001000100100000 (  62)                 ADD   R0 R4 #0
(3031) C1C0  1100000111000000 (  63)                 RET   
(3032) 1000  0001000000000000 (  65) CONVERT         ADD   R0 R0 R0
(3033) 2602  0010011000000010 (  66)                 LD    R3 NEG_ASCII_NUM
(3034) 1003  0001000000000011 (  67)                 ADD   R0 R0 R3
(3035) C1C0  1100000111000000 (  68)                 RET   
(3036) FFD0  1111111111010000 (  70) NEG_ASCII_NUM   .FILL xFFD0
(3037) 0048  0000000001001000 (  71) ARGS_PROMPT     .FILL x0048
(3038) 006F  0000000001101111 (  71)                 .FILL x006F
(3039) 0077  0000000001110111 (  71)                 .FILL x0077
(303A) 0020  0000000000100000 (  71)                 .FILL x0020
(303B) 006D  0000000001101101 (  71)                 .FILL x006D
(303C) 0061  0000000001100001 (  71)                 .FILL x0061
(303D) 006E  0000000001101110 (  71)                 .FILL x006E
(303E) 0079  0000000001111001 (  71)                 .FILL x0079
(303F) 0020  0000000000100000 (  71)                 .FILL x0020
(3040) 0061  0000000001100001 (  71)                 .FILL x0061
(3041) 0072  0000000001110010 (  71)                 .FILL x0072
(3042) 0067  0000000001100111 (  71)                 .FILL x0067
(3043) 0075  0000000001110101 (  71)                 .FILL x0075
(3044) 006D  0000000001101101 (  71)                 .FILL x006D
(3045) 0065  0000000001100101 (  71)                 .FILL x0065
(3046) 006E  0000000001101110 (  71)                 .FILL x006E
(3047) 0074  0000000001110100 (  71)                 .FILL x0074
(3048) 0073  0000000001110011 (  71)                 .FILL x0073
(3049) 0028  0000000000101000 (  71)                 .FILL x0028
(304A) 0030  0000000000110000 (  71)                 .FILL x0030
(304B) 002D  0000000000101101 (  71)                 .FILL x002D
(304C) 0035  0000000000110101 (  71)                 .FILL x0035
(304D) 0029  0000000000101001 (  71)                 .FILL x0029
(304E) 003F  0000000000111111 (  71)                 .FILL x003F
(304F) 0020  0000000000100000 (  71)                 .FILL x0020
(3050) 0000  0000000000000000 (  71)                 .FILL x0000
(3051) 000A  0000000000001010 (  72) ENTER_PROMPT    .FILL x000A
(3052) 0045  0000000001000101 (  72)                 .FILL x0045
(3053) 006E  0000000001101110 (  72)                 .FILL x006E
(3054) 0074  0000000001110100 (  72)                 .FILL x0074
(3055) 0065  0000000001100101 (  72)                 .FILL x0065
(3056) 0072  0000000001110010 (  72)                 .FILL x0072
(3057) 0020  0000000000100000 (  72)                 .FILL x0020
(3058) 0061  0000000001100001 (  72)                 .FILL x0061
(3059) 0020  0000000000100000 (  72)                 .FILL x0020
(305A) 006E  0000000001101110 (  72)                 .FILL x006E
(305B) 0075  0000000001110101 (  72)                 .FILL x0075
(305C) 006D  0000000001101101 (  72)                 .FILL x006D
(305D) 0062  0000000001100010 (  72)                 .FILL x0062
(305E) 0065  0000000001100101 (  72)                 .FILL x0065
(305F) 0072  0000000001110010 (  72)                 .FILL x0072
(3060) 0028  0000000000101000 (  72)                 .FILL x0028
(3061) 0030  0000000000110000 (  72)                 .FILL x0030
(3062) 002D  0000000000101101 (  72)                 .FILL x002D
(3063) 0039  0000000000111001 (  72)                 .FILL x0039
(3064) 0029  0000000000101001 (  72)                 .FILL x0029
(3065) 003A  0000000000111010 (  72)                 .FILL x003A
(3066) 0020  0000000000100000 (  72)                 .FILL x0020
(3067) 0000  0000000000000000 (  72)                 .FILL x0000
(3068) 000A  0000000000001010 (  73) RESULT_PROMPT   .FILL x000A
(3069) 0053  0000000001010011 (  73)                 .FILL x0053
(306A) 0075  0000000001110101 (  73)                 .FILL x0075
(306B) 006D  0000000001101101 (  73)                 .FILL x006D
(306C) 003A  0000000000111010 (  73)                 .FILL x003A
(306D) 0020  0000000000100000 (  73)                 .FILL x0020
(306E) 0000  0000000000000000 (  73)                 .FILL x0000
(306F) 0000  0000000000000000 (  75) ARGS_STORE      .FILL x0000
(3070) 0000  0000000000000000 (  77) RESULT          .FILL x0000
